2024/05/23 22:22:35.784	[34mINFO[0m	Sending email
2024/05/25 16:55:34.864	[34mINFO[0m	Sending email
2024/05/25 17:16:44.959	[34mINFO[0m	Sending email
2024/05/25 17:32:36.141	[34mINFO[0m	Sending email
2024/05/25 17:32:36.142	[31mERROR[0m	failed to parse html body	{"error": "open code.html: no such file or directory"}
2024/05/25 17:36:14.419	[34mINFO[0m	Sending email
2024/05/25 17:36:14.420	[31mERROR[0m	failed to execute html template	{"error": "template: code.html:10:10: executing \"code.html\" at <.Code>: can't evaluate field Code in type string"}
2024/05/25 17:40:01.816	[34mINFO[0m	Sending email
2024/05/27 18:22:39.220	[34mINFO[0m	Sending email
2024/05/27 19:37:29.507	[34mINFO[0m	Sending email
2024/05/27 19:51:08.749	[34mINFO[0m	Sending email
2024/05/27 21:48:29.493	[34mINFO[0m	Sending email
2024/05/29 20:36:05.810	[34mINFO[0m	Sending email
2024/05/29 20:37:33.012	[34mINFO[0m	Sending email
2024/05/29 20:38:16.035	[34mINFO[0m	Sending email
2024/05/29 20:39:07.554	[34mINFO[0m	Sending email
2024/05/29 20:39:09.467	[31mERROR[0m	failed to send message
2024/05/29 20:40:06.229	[34mINFO[0m	Sending email
2024/05/29 20:40:08.029	[31mERROR[0m	failed to send message
2024/05/29 20:40:29.939	[34mINFO[0m	Sending email
2024/05/29 20:40:31.615	[31mERROR[0m	failed to send message
2024/05/29 20:42:59.138	[34mINFO[0m	Sending email
2024/05/29 20:43:00.924	[31mERROR[0m	failed to send message
2024/05/29 20:44:06.501	[34mINFO[0m	Sending email
2024/05/29 21:59:03.394	[34mINFO[0m	Sending email
2024/05/29 22:00:57.154	[34mINFO[0m	Sending email
2024/05/29 22:01:15.033	[34mINFO[0m	Sending email
2024/05/29 22:02:09.591	[34mINFO[0m	Sending email
2024/05/29 22:05:33.961	[34mINFO[0m	Sending email
2024/05/30 19:37:43.234	[34mINFO[0m	Sending email
2024/05/31 18:12:08.139	[34mINFO[0m	Sending email
2024/05/31 18:16:36.763	[34mINFO[0m	Sending email
2024/05/31 22:01:04.923	[34mINFO[0m	Sending email
2024/05/31 22:07:43.416	[34mINFO[0m	Sending email
2024/05/31 22:14:03.864	[34mINFO[0m	Sending email
2024/05/31 22:15:28.570	[34mINFO[0m	Sending email
2024/05/31 22:15:42.285	[34mINFO[0m	Sending email
2024/05/31 22:38:10.300	[34mINFO[0m	Sending email
2024/05/31 22:38:30.309	[31mERROR[0m	Get "https://api.telegram.org/bot7338324481:AAEJS7-7kDQRrnn0NBSeCwJPaiJT7SyBlEs/sendMessage?chat_id=-1002161138641&disable_notification=false&parse_mode=HTML&text=code+402247": context deadline exceeded (Client.Timeout exceeded while awaiting headers)
2024/05/31 22:38:56.751	[34mINFO[0m	Sending email
2024/06/01 00:16:05.700	[34mINFO[0m	Sending email
2024/06/01 00:16:13.632	[34mINFO[0m	Sending email
2024/06/01 00:17:41.985	[34mINFO[0m	Sending email
2024/06/01 00:18:56.952	[34mINFO[0m	Sending email
2024/06/01 00:22:12.191	[34mINFO[0m	Sending email
2024/06/01 00:23:35.780	[34mINFO[0m	Sending email
2024/06/01 00:23:38.260	[34mINFO[0m	Sending email
2024/06/01 09:27:13.364	[34mINFO[0m	Sending email
2024/06/01 09:27:18.227	[34mINFO[0m	Sending email
2024/06/01 09:27:27.239	[34mINFO[0m	Sending email
2024/06/01 09:27:30.354	[34mINFO[0m	Sending email
2024/06/01 09:32:44.083	[34mINFO[0m	Sending email
2024/06/01 09:33:05.962	[34mINFO[0m	Sending email
2024/06/01 09:33:11.765	[34mINFO[0m	Sending email
2024/06/01 09:54:32.724	[34mINFO[0m	Sending email
2024/06/01 09:54:35.636	[34mINFO[0m	Sending email
2024/06/01 09:56:37.834	[34mINFO[0m	Sending email
2024/06/01 09:59:12.405	[34mINFO[0m	Sending email
2024/06/01 10:16:36.071	[34mINFO[0m	Sending email
2024/06/01 10:17:37.122	[34mINFO[0m	Sending email
2024/06/01 10:18:38.410	[34mINFO[0m	Sending email
